2019/09/03 11:40:25 [INFO] Terraform version: 0.11.14 mesosphere 
2019/09/03 11:40:25 [INFO] Go runtime version: go1.12
2019/09/03 11:40:25 [INFO] CLI args: []string{"/bin/terraform", "init", "-upgrade"}
2019/09/03 11:40:25 [DEBUG] Attempting to open CLI config file: /root/.terraformrc
2019/09/03 11:40:25 [DEBUG] File doesn't exist, but doesn't need to. Ignoring.
2019/09/03 11:40:25 [INFO] CLI command args: []string{"init", "-upgrade"}
2019/09/03 11:40:25 [DEBUG] command: loading backend config file: /jenkins/workspace/rm-aws-vpc-peering_support_0.1.x
2019/09/03 11:40:25 [INFO] command: empty terraform config, returning nil
2019/09/03 11:40:25 [DEBUG] command: no data state file found for backend config
2019/09/03 11:40:25 [DEBUG] New state was assigned lineage "5e0a8824-2ec3-18bd-a0ca-9c24a8da0fd2"
2019/09/03 11:40:25 [INFO] command: backend initialized: <nil>
2019/09/03 11:40:25 [DEBUG] checking for provider in "."
2019/09/03 11:40:25 [DEBUG] checking for provider in "/bin"
2019/09/03 11:40:25 [DEBUG] checking for provisioner in "."
2019/09/03 11:40:25 [DEBUG] checking for provisioner in "/bin"
2019/09/03 11:40:25 [INFO] Failed to read plugin lock file .terraform/plugins/linux_amd64/lock.json: open .terraform/plugins/linux_amd64/lock.json: no such file or directory
2019/09/03 11:40:25 [INFO] command: backend <nil> is not enhanced, wrapping in local
2019/09/03 11:40:25 [DEBUG] checking for provider in "."
2019/09/03 11:40:25 [DEBUG] checking for provider in "/bin"
2019/09/03 11:40:25 [DEBUG] plugin requirements: "aws"=""
2019/09/03 11:40:26 [DEBUG] fetching provider info for aws version 2.26.0
2019/09/03 11:40:26 [DEBUG] getting provider "aws" version "2.26.0"
2019/09/03 11:40:26 [DEBUG] plugin cache is disabled, so downloading aws 2.26.0 from https://releases.hashicorp.com/terraform-provider-aws/2.26.0/terraform-provider-aws_2.26.0_linux_amd64.zip?checksum=sha256:1ead0e3f5cc830e8958e410dd60a3909574f30647651c5b0b2103b2c7416e144
2019/09/03 11:40:28 [DEBUG] looking for the aws 2.26.0 plugin we just installed
2019/09/03 11:40:28 [DEBUG] checking for provider in ".terraform/plugins/linux_amd64"
2019/09/03 11:40:28 [DEBUG] found provider "terraform-provider-aws_v2.26.0_x4"
2019/09/03 11:40:28 [DEBUG] all plugins found discovery.PluginMetaSet{discovery.PluginMeta{Name:"aws", Version:"2.26.0", Path:"/jenkins/workspace/rm-aws-vpc-peering_support_0.1.x/.terraform/plugins/linux_amd64/terraform-provider-aws_v2.26.0_x4"}:struct {}{}}
2019/09/03 11:40:28 [DEBUG] filtered plugins discovery.PluginMetaSet{discovery.PluginMeta{Name:"aws", Version:"2.26.0", Path:"/jenkins/workspace/rm-aws-vpc-peering_support_0.1.x/.terraform/plugins/linux_amd64/terraform-provider-aws_v2.26.0_x4"}:struct {}{}}
2019/09/03 11:40:28 [DEBUG] checking for provider in "."
2019/09/03 11:40:28 [DEBUG] checking for provider in "/bin"
2019/09/03 11:40:28 [DEBUG] checking for provider in ".terraform/plugins/linux_amd64"
2019/09/03 11:40:28 [DEBUG] found provider "terraform-provider-aws_v2.26.0_x4"
2019/09/03 11:40:28 [DEBUG] found valid plugin: "aws", "2.26.0", "/jenkins/workspace/rm-aws-vpc-peering_support_0.1.x/.terraform/plugins/linux_amd64/terraform-provider-aws_v2.26.0_x4"
2019/09/03 11:40:29 [DEBUG] checking for provider in ".terraform/plugins/linux_amd64"
2019/09/03 11:40:29 [DEBUG] found provider "terraform-provider-aws_v2.26.0_x4"
2019/09/03 11:40:29 [DEBUG] plugin: waiting for all plugin processes to complete...
2019/09/03 11:40:29 [INFO] Terraform version: 0.11.14 mesosphere 
2019/09/03 11:40:29 [INFO] Go runtime version: go1.12
2019/09/03 11:40:29 [INFO] CLI args: []string{"/bin/terraform", "validate", "-check-variables=false"}
2019/09/03 11:40:29 [DEBUG] Attempting to open CLI config file: /root/.terraformrc
2019/09/03 11:40:29 [DEBUG] File doesn't exist, but doesn't need to. Ignoring.
2019/09/03 11:40:29 [INFO] CLI command args: []string{"validate", "-check-variables=false"}
2019/09/03 11:40:29 [DEBUG] plugin: waiting for all plugin processes to complete...
2019/09/03 11:40:43 [INFO] Terraform version: 0.11.14 mesosphere 
2019/09/03 11:40:43 [INFO] Go runtime version: go1.12
2019/09/03 11:40:43 [INFO] CLI args: []string{"/bin/terraform", "fmt", "main.tf"}
2019/09/03 11:40:43 [DEBUG] Attempting to open CLI config file: /root/.terraformrc
2019/09/03 11:40:43 [DEBUG] File doesn't exist, but doesn't need to. Ignoring.
2019/09/03 11:40:43 [INFO] CLI command args: []string{"fmt", "main.tf"}
2019/09/03 11:40:43 [DEBUG] plugin: waiting for all plugin processes to complete...
2019/09/03 11:40:43 [INFO] Terraform version: 0.11.14 mesosphere 
2019/09/03 11:40:43 [INFO] Go runtime version: go1.12
2019/09/03 11:40:43 [INFO] CLI args: []string{"/bin/terraform", "fmt", "outputs.tf"}
2019/09/03 11:40:43 [DEBUG] Attempting to open CLI config file: /root/.terraformrc
2019/09/03 11:40:43 [DEBUG] File doesn't exist, but doesn't need to. Ignoring.
2019/09/03 11:40:43 [INFO] CLI command args: []string{"fmt", "outputs.tf"}
2019/09/03 11:40:43 [DEBUG] plugin: waiting for all plugin processes to complete...
2019/09/03 11:40:43 [INFO] Terraform version: 0.11.14 mesosphere 
2019/09/03 11:40:43 [INFO] Go runtime version: go1.12
2019/09/03 11:40:43 [INFO] CLI args: []string{"/bin/terraform", "fmt", "variables.tf"}
2019/09/03 11:40:43 [DEBUG] Attempting to open CLI config file: /root/.terraformrc
2019/09/03 11:40:43 [DEBUG] File doesn't exist, but doesn't need to. Ignoring.
2019/09/03 11:40:43 [INFO] CLI command args: []string{"fmt", "variables.tf"}
2019/09/03 11:40:43 [DEBUG] plugin: waiting for all plugin processes to complete...
